\BOOKMARK [1][-]{section.1}{\376\377\000I\000n\000l\000e\000i\000d\000i\000n\000g}{}% 1
\BOOKMARK [1][-]{section.2}{\376\377\000P\000o\000r\000t\000f\000o\000l\000i\000o\000:\000\040\000L\000e\000s\000s\000e\000n\000\040\000e\000n\000\040\000L\000a\000b\000o\000'\000s}{}% 2
\BOOKMARK [2][-]{subsection.2.1}{\376\377\000L\000e\000r\000e\000n\000\040\000u\000i\000t\000\040\000d\000a\000t\000a}{section.2}% 3
\BOOKMARK [2][-]{subsection.2.2}{\376\377\000D\000a\000t\000a}{section.2}% 4
\BOOKMARK [2][-]{subsection.2.3}{\376\377\000D\000a\000t\000a\000\040\000e\000x\000p\000l\000o\000r\000a\000t\000i\000e}{section.2}% 5
\BOOKMARK [2][-]{subsection.2.4}{\376\377\000M\000a\000n\000i\000p\000u\000l\000e\000r\000e\000n\000\040\000v\000a\000n\000\040\000d\000a\000t\000a}{section.2}% 6
\BOOKMARK [2][-]{subsection.2.5}{\376\377\000T\000r\000a\000i\000n\000e\000n\000\040\000e\000n\000\040\000t\000e\000s\000t\000e\000n}{section.2}% 7
\BOOKMARK [2][-]{subsection.2.6}{\376\377\000L\000a\000b\000o\000\040\0001}{section.2}% 8
\BOOKMARK [2][-]{subsection.2.7}{\376\377\000L\000a\000b\000o\000\040\0002}{section.2}% 9
\BOOKMARK [2][-]{subsection.2.8}{\376\377\000L\000a\000b\000o\000\040\0003}{section.2}% 10
\BOOKMARK [2][-]{subsection.2.9}{\376\377\000L\000a\000b\000o\000\040\0004}{section.2}% 11
\BOOKMARK [3][-]{subsubsection.2.9.1}{\376\377\000B\000e\000s\000c\000h\000r\000i\000j\000v\000i\000n\000g\000\040\000e\000n\000\040\000A\000a\000n\000p\000a\000k}{subsection.2.9}% 12
\BOOKMARK [3][-]{subsubsection.2.9.2}{\376\377\000P\000e\000r\000s\000o\000o\000n\000l\000i\000j\000k\000e\000\040\000I\000n\000z\000i\000c\000h\000t\000e\000n\000\040\000e\000n\000\040\000R\000e\000f\000l\000e\000c\000t\000i\000e}{subsection.2.9}% 13
\BOOKMARK [1][-]{section.3}{\376\377\000E\000d\000g\000e\000\040\000A\000I\000\040\000P\000r\000o\000j\000e\000c\000t\000:\000\040\000R\000a\000p\000p\000o\000r\000t\000a\000g\000e}{}% 14
\BOOKMARK [2][-]{subsection.3.1}{\376\377\000P\000r\000o\000j\000e\000c\000t\000i\000n\000t\000r\000o\000d\000u\000c\000t\000i\000e}{section.3}% 15
\BOOKMARK [2][-]{subsection.3.2}{\376\377\000E\000i\000g\000e\000n\000\040\000B\000i\000j\000d\000r\000a\000g\000e\000\040\000e\000n\000\040\000L\000e\000e\000r\000p\000r\000o\000c\000e\000s}{section.3}% 16
\BOOKMARK [3][-]{subsubsection.3.2.1}{\376\377\000W\000a\000t\000\040\000h\000e\000b\000\040\000i\000k\000\040\000b\000i\000j\000g\000e\000d\000r\000a\000g\000e\000n\000?}{subsection.3.2}% 17
\BOOKMARK [3][-]{subsubsection.3.2.2}{\376\377\000W\000a\000t\000\040\000h\000e\000b\000\040\000i\000k\000\040\000g\000e\000l\000e\000e\000r\000d\000\040\000e\000n\000\040\000w\000e\000l\000k\000e\000\040\000u\000i\000t\000d\000a\000g\000i\000n\000g\000e\000n\000\040\000w\000a\000r\000e\000n\000\040\000e\000r\000?}{subsection.3.2}% 18
\BOOKMARK [1][-]{appendix.A}{\376\377\000A\000p\000p\000e\000n\000d\000i\000x\000:\000\040\000T\000e\000c\000h\000n\000i\000c\000a\000l\000\040\000P\000r\000o\000j\000e\000c\000t\000\040\000G\000u\000i\000d\000e}{}% 19
\BOOKMARK [2][-]{subsection.A.1}{\376\377\000B\000e\000n\000o\000d\000i\000g\000d\000e\000\040\000H\000a\000r\000d\000w\000a\000r\000e}{appendix.A}% 20
\BOOKMARK [2][-]{subsection.A.2}{\376\377\000S\000o\000f\000t\000w\000a\000r\000e\000\040\000e\000n\000\040\000D\000e\000p\000e\000n\000d\000e\000n\000c\000i\000e\000s}{appendix.A}% 21
\BOOKMARK [2][-]{subsection.A.3}{\376\377\000I\000n\000s\000t\000a\000l\000l\000a\000t\000i\000e\000-\000i\000n\000s\000t\000r\000u\000c\000t\000i\000e\000s}{appendix.A}% 22
\BOOKMARK [2][-]{subsection.A.4}{\376\377\000O\000p\000s\000t\000a\000r\000t\000p\000r\000o\000c\000e\000d\000u\000r\000e}{appendix.A}% 23
\BOOKMARK [2][-]{subsection.A.5}{\376\377\000T\000e\000s\000t\000i\000n\000s\000t\000r\000u\000c\000t\000i\000e\000s\000\040\000e\000n\000\040\000M\000o\000d\000e\000l\000\040\000P\000e\000r\000f\000o\000r\000m\000a\000n\000t\000i\000e}{appendix.A}% 24
\BOOKMARK [3][-]{subsubsection.A.5.1}{\376\377\000M\000o\000d\000e\000l\000\040\000A\000n\000a\000l\000y\000s\000e}{subsection.A.5}% 25
\BOOKMARK [3][-]{subsubsection.A.5.2}{\376\377\000F\000o\000u\000t\000a\000f\000h\000a\000n\000d\000e\000l\000i\000n\000g\000\040\000e\000n\000\040\000B\000e\000p\000e\000r\000k\000i\000n\000g\000e\000n}{subsection.A.5}% 26
